<?xml version="1.0" encoding="UTF-8"?>
<!-- Generated by org.testng.reporters.JUnitReportReporter -->
<testsuite skipped="0" hostname="Aishwarya" name="vtiger.Contact.Tests.CreateContactWithOrganizationTest" tests="1" failures="0" timestamp="2023-04-21T01:19:28 IST" time="25.194" errors="0">
  <testcase name="createContactWithOrgTest" time="25.194" classname="vtiger.Contact.Tests.CreateContactWithOrganizationTest"/>
  <system-out>
    <![CDATA[CreateContactWithOrganizationTest]]>
  </system-out>
</testsuite> <!-- vtiger.Contact.Tests.CreateContactWithOrganizationTest -->
