<?xml version="1.0" encoding="UTF-8"?>
<!-- Generated by org.testng.reporters.JUnitReportReporter -->
<testsuite skipped="0" hostname="Aishwarya" name="vtiger.Organization.Tests.CreateMultipleOrgTest" tests="4" failures="0" timestamp="2023-04-21T16:23:15 IST" time="47.419" errors="0">
  <testcase name="createOrgTest" time="11.773" classname="vtiger.Organization.Tests.CreateMultipleOrgTest"/>
  <system-out/>
  <testcase name="createOrgTest" time="11.765" classname="vtiger.Organization.Tests.CreateMultipleOrgTest"/>
  <system-out/>
  <testcase name="createOrgTest" time="11.988" classname="vtiger.Organization.Tests.CreateMultipleOrgTest"/>
  <system-out/>
  <testcase name="createOrgTest" time="11.893" classname="vtiger.Organization.Tests.CreateMultipleOrgTest"/>
  <system-out/>
</testsuite> <!-- vtiger.Organization.Tests.CreateMultipleOrgTest -->
