<?xml version="1.0" encoding="UTF-8"?>
<!-- Generated by org.testng.reporters.JUnitReportReporter -->
<testsuite skipped="0" hostname="Aishwarya" name="vtiger.Practice.TestNGPracticeTest" tests="5" failures="0" timestamp="2023-04-11T19:00:07 IST" time="0.020" errors="0">
  <testcase name="modifyUserTest" time="0.014" classname="vtiger.Practice.TestNGPracticeTest"/>
  <system-out>
    <![CDATA[User modified]]>
  </system-out>
  <testcase name="createUserTest" time="0.002" classname="vtiger.Practice.TestNGPracticeTest"/>
  <system-out>
    <![CDATA[User Created]]>
  </system-out>
  <testcase name="createUserTest" time="0.001" classname="vtiger.Practice.TestNGPracticeTest"/>
  <system-out>
    <![CDATA[User Created]]>
  </system-out>
  <testcase name="createUserTest" time="0.002" classname="vtiger.Practice.TestNGPracticeTest"/>
  <system-out>
    <![CDATA[User Created]]>
  </system-out>
  <testcase name="deleteUserTest" time="0.001" classname="vtiger.Practice.TestNGPracticeTest"/>
  <system-out>
    <![CDATA[User deleted]]>
  </system-out>
</testsuite> <!-- vtiger.Practice.TestNGPracticeTest -->
