<?xml version="1.0" encoding="UTF-8"?>
<!-- Generated by org.testng.reporters.JUnitReportReporter -->
<testsuite skipped="0" hostname="Aishwarya" name="vtiger.Practice.ReadDataFromcmdLine" tests="1" failures="0" timestamp="2023-04-30T17:42:06 IST" time="0.008" errors="0">
  <testcase name="test" time="0.008" classname="vtiger.Practice.ReadDataFromcmdLine"/>
  <system-out/>
</testsuite> <!-- vtiger.Practice.ReadDataFromcmdLine -->
